
[0m[2m[35m$[0m [2m[1mnext build --turbopack[0m
   [1m[38;2;173;127;168m▲ Next.js 15.4.1[39m[22m (Turbopack)
   - Experiments (use with caution):
     [1m⨯[22m mdxRs

 [37m[1m [22m[39m Creating an optimized production build ...
 ✓ Finished writing to disk in 155ms
 [32m[1m✓[22m[39m Compiled successfully in 2.0s
 [37m[1m [22m[39m Skipping validation of types
[?25l [37m[1m [22m[39m Linting  [36m.[39m[2K[1G [37m[1m [22m[39m Linting  [36m..[39m[2K[1G [37m[1m [22m[39m Linting  [36m...[39m[2K[1G [37m[1m [22m[39m Linting  [36m.[39m[2K[1G [37m[1m [22m[39m Linting  [36m..[39m[2K[1G [37m[1m [22m[39m Linting  [36m...[39m[2K[1G [37m[1m [22m[39m Linting  [36m.[39m[2K[1G [37m[1m [22m[39m Linting  [36m..[39m[2K[1G [37m[1m [22m[39m Linting  [36m...[39m[2K[1G [37m[1m [22m[39m Linting  [36m.[39m[2K[1G [37m[1m [22m[39m Linting  [36m..[39m[2K[1G[?25h[31m
Failed to compile.[39m
[?25l [36m.[39m [2K[1G[?25h
./src/app/components/Bug.tsx
21:6  Warning: React Hook useEffect has a missing dependency: 'growSpeed'. Either include it or remove the dependency array.  react-hooks/exhaustive-deps

./src/app/components/Collapse.tsx
18:3  Warning: React Hook useEffect contains a call to 'setHeight'. Without a list of dependencies, this can lead to an infinite chain of updates. To fix this, pass [] as a second argument to the useEffect Hook.  react-hooks/exhaustive-deps

./src/app/components/HungerTimer.tsx
36:6  Warning: React Hook useEffect has a missing dependency: 'hungerTimerInMs'. Either include it or remove the dependency array.  react-hooks/exhaustive-deps
59:6  Warning: React Hook useEffect has a missing dependency: 'onDeath'. Either include it or remove the dependency array. If 'onDeath' changes too often, find the parent component that defines it and wrap that definition in useCallback.  react-hooks/exhaustive-deps

./src/app/components/Info.tsx
14:39  Error: `'` can be escaped with `&apos;`, `&lsquo;`, `&#39;`, `&rsquo;`.  react/no-unescaped-entities
19:60  Error: `"` can be escaped with `&quot;`, `&ldquo;`, `&#34;`, `&rdquo;`.  react/no-unescaped-entities
19:73  Error: `"` can be escaped with `&quot;`, `&ldquo;`, `&#34;`, `&rdquo;`.  react/no-unescaped-entities
21:53  Error: `'` can be escaped with `&apos;`, `&lsquo;`, `&#39;`, `&rsquo;`.  react/no-unescaped-entities
31:24  Error: `"` can be escaped with `&quot;`, `&ldquo;`, `&#34;`, `&rdquo;`.  react/no-unescaped-entities
31:66  Error: `"` can be escaped with `&quot;`, `&ldquo;`, `&#34;`, `&rdquo;`.  react/no-unescaped-entities
52:34  Error: `'` can be escaped with `&apos;`, `&lsquo;`, `&#39;`, `&rsquo;`.  react/no-unescaped-entities
55:60  Error: `"` can be escaped with `&quot;`, `&ldquo;`, `&#34;`, `&rdquo;`.  react/no-unescaped-entities
55:69  Error: `"` can be escaped with `&quot;`, `&ldquo;`, `&#34;`, `&rdquo;`.  react/no-unescaped-entities
59:14  Error: `'` can be escaped with `&apos;`, `&lsquo;`, `&#39;`, `&rsquo;`.  react/no-unescaped-entities
66:35  Error: `'` can be escaped with `&apos;`, `&lsquo;`, `&#39;`, `&rsquo;`.  react/no-unescaped-entities
72:13  Error: `'` can be escaped with `&apos;`, `&lsquo;`, `&#39;`, `&rsquo;`.  react/no-unescaped-entities
79:48  Error: `'` can be escaped with `&apos;`, `&lsquo;`, `&#39;`, `&rsquo;`.  react/no-unescaped-entities
108:71  Error: `'` can be escaped with `&apos;`, `&lsquo;`, `&#39;`, `&rsquo;`.  react/no-unescaped-entities
114:41  Error: `"` can be escaped with `&quot;`, `&ldquo;`, `&#34;`, `&rdquo;`.  react/no-unescaped-entities
114:52  Error: `"` can be escaped with `&quot;`, `&ldquo;`, `&#34;`, `&rdquo;`.  react/no-unescaped-entities
121:47  Error: `'` can be escaped with `&apos;`, `&lsquo;`, `&#39;`, `&rsquo;`.  react/no-unescaped-entities
122:35  Error: `'` can be escaped with `&apos;`, `&lsquo;`, `&#39;`, `&rsquo;`.  react/no-unescaped-entities
124:19  Error: `'` can be escaped with `&apos;`, `&lsquo;`, `&#39;`, `&rsquo;`.  react/no-unescaped-entities
132:32  Error: `'` can be escaped with `&apos;`, `&lsquo;`, `&#39;`, `&rsquo;`.  react/no-unescaped-entities
147:54  Error: `'` can be escaped with `&apos;`, `&lsquo;`, `&#39;`, `&rsquo;`.  react/no-unescaped-entities
175:54  Error: `"` can be escaped with `&quot;`, `&ldquo;`, `&#34;`, `&rdquo;`.  react/no-unescaped-entities
175:76  Error: `"` can be escaped with `&quot;`, `&ldquo;`, `&#34;`, `&rdquo;`.  react/no-unescaped-entities

./src/app/components/SvgContainer.tsx
32:24  Warning: React Hook useCallback received a function whose dependencies are unknown. Pass an inline function instead.  react-hooks/exhaustive-deps
62:6  Warning: React Hook useEffect has a missing dependency: 'handleResize'. Either include it or remove the dependency array.  react-hooks/exhaustive-deps

./src/app/global-state/bugs/BugsProvider.tsx
185:6  Warning: React Hook useEffect has missing dependencies: 'bugSize', 'populationSize', and 'svgContainerDimensions'. Either include them or remove the dependency array.  react-hooks/exhaustive-deps

./src/app/global-state/bugs/getRandomRGB.ts
2:7  Error: 'newColor' is never reassigned. Use 'const' instead.  prefer-const

./src/app/global-state/snapshotsDisplay/SnapshotDisplay.tsx
116:6  Warning: React Hook useEffect has a missing dependency: 'handleResize'. Either include it or remove the dependency array.  react-hooks/exhaustive-deps
134:6  Warning: React Hook useEffect has missing dependencies: 'isShowingSvg', 'populationSize', 'screenDimensions', 'stretchFactor', and 'thickness'. Either include them or remove the dependency array.  react-hooks/exhaustive-deps

info  - Need to disable some ESLint rules? Learn more here: https://nextjs.org/docs/app/api-reference/config/eslint#disabling-rules
[?25l [36m.[39m [?25h[0m[31merror[0m[2m:[0m script [1m"build"[0m exited with code 1 (SIGHUP)[0m
